<?xml version="1.0" encoding="UTF-8"?>
<testsuite failures="0" errors="0" skipped="0" tests="4" time="377.415306" name="Amazon create account page should have verification on all  the fields">
<testcase classname="Amazon create account page should have verification on all  the fields" name="Error validation name" time="62.066979">
  <system-out>
    <![CDATA[]]>
  </system-out>
  <system-err>
    <![CDATA[]]>
  </system-err>
</testcase>
<testcase classname="Amazon create account page should have verification on all  the fields" name="Error validation email" time="97.151188">
  <system-out>
    <![CDATA[]]>
  </system-out>
  <system-err>
    <![CDATA[]]>
  </system-err>
</testcase>
<testcase classname="Amazon create account page should have verification on all  the fields" name="Error validation on password" time="107.502361">
  <system-out>
    <![CDATA[]]>
  </system-out>
  <system-err>
    <![CDATA[]]>
  </system-err>
</testcase>
<testcase classname="Amazon create account page should have verification on all  the fields" name="Error validation on confirm password" time="110.694778">
  <system-out>
    <![CDATA[]]>
  </system-out>
  <system-err>
    <![CDATA[]]>
  </system-err>
</testcase>
</testsuite>
