<?xml version="1.0" encoding="UTF-8"?>
<testsuite failures="0" errors="0" skipped="0" tests="4" time="432.677757" name="Amazon create account page should have verification on all  the fields">
<testcase classname="Amazon create account page should have verification on all  the fields" name="Invalid input on email field shoud return error -- Example of a fail (outline example : | name | missing_name_error | Enter your name |)" time="105.545520">
  <system-out>
    <![CDATA[]]>
  </system-out>
  <system-err>
    <![CDATA[]]>
  </system-err>
</testcase>
<testcase classname="Amazon create account page should have verification on all  the fields" name="Invalid input on email field shoud return error -- Example of a fail (outline example : | email | missing_email_error | Enter your email |)" time="114.059075">
  <system-out>
    <![CDATA[]]>
  </system-out>
  <system-err>
    <![CDATA[]]>
  </system-err>
</testcase>
<testcase classname="Amazon create account page should have verification on all  the fields" name="Invalid input on email field shoud return error -- Example of a fail (outline example : | password | missing_password_error | Enter your password |)" time="107.389256">
  <system-out>
    <![CDATA[]]>
  </system-out>
  <system-err>
    <![CDATA[]]>
  </system-err>
</testcase>
<testcase classname="Amazon create account page should have verification on all  the fields" name="Invalid input on email field shoud return error -- Example of a fail (outline example : | confirm_password | missing_confirm_password_error | Type your password again |)" time="105.683906">
  <system-out>
    <![CDATA[]]>
  </system-out>
  <system-err>
    <![CDATA[]]>
  </system-err>
</testcase>
</testsuite>
